<?xml version="1.0" encoding="UTF-8"?>
<testsuite xmlns:xsi="http://www.w3.org/2001/XMLSchema-instance" xsi:noNamespaceSchemaLocation="https://maven.apache.org/surefire/maven-surefire-plugin/xsd/surefire-test-report-3.0.xsd" version="3.0" name="testRunner.TestRunner" time="969.824" tests="23" errors="0" skipped="0" failures="2">
  <properties>
    <property name="java.specification.version" value="21"/>
    <property name="sun.cpu.isalist" value="amd64"/>
    <property name="sun.jnu.encoding" value="Cp1252"/>
    <property name="java.class.path" value="C:\Users\rojan\Downloads\GIFTY_E_B_NHSBSA\NHS\target\test-classes;C:\Users\rojan\Downloads\GIFTY_E_B_NHSBSA\NHS\target\classes;C:\Users\rojan\.m2\repository\io\cucumber\cucumber-java\7.23.0\cucumber-java-7.23.0.jar;C:\Users\rojan\.m2\repository\io\cucumber\cucumber-core\7.23.0\cucumber-core-7.23.0.jar;C:\Users\rojan\.m2\repository\io\cucumber\cucumber-gherkin\7.23.0\cucumber-gherkin-7.23.0.jar;C:\Users\rojan\.m2\repository\io\cucumber\cucumber-gherkin-messages\7.23.0\cucumber-gherkin-messages-7.23.0.jar;C:\Users\rojan\.m2\repository\io\cucumber\gherkin\32.1.1\gherkin-32.1.1.jar;C:\Users\rojan\.m2\repository\io\cucumber\messages\27.2.0\messages-27.2.0.jar;C:\Users\rojan\.m2\repository\io\cucumber\testng-xml-formatter\0.3.1\testng-xml-formatter-0.3.1.jar;C:\Users\rojan\.m2\repository\io\cucumber\query\13.3.0\query-13.3.0.jar;C:\Users\rojan\.m2\repository\io\cucumber\tag-expressions\6.1.2\tag-expressions-6.1.2.jar;C:\Users\rojan\.m2\repository\io\cucumber\cucumber-expressions\18.0.1\cucumber-expressions-18.0.1.jar;C:\Users\rojan\.m2\repository\io\cucumber\datatable\7.23.0\datatable-7.23.0.jar;C:\Users\rojan\.m2\repository\io\cucumber\cucumber-plugin\7.23.0\cucumber-plugin-7.23.0.jar;C:\Users\rojan\.m2\repository\io\cucumber\docstring\7.23.0\docstring-7.23.0.jar;C:\Users\rojan\.m2\repository\io\cucumber\html-formatter\21.10.1\html-formatter-21.10.1.jar;C:\Users\rojan\.m2\repository\io\cucumber\junit-xml-formatter\0.7.1\junit-xml-formatter-0.7.1.jar;C:\Users\rojan\.m2\repository\io\cucumber\ci-environment\10.0.1\ci-environment-10.0.1.jar;C:\Users\rojan\.m2\repository\org\apiguardian\apiguardian-api\1.1.2\apiguardian-api-1.1.2.jar;C:\Users\rojan\.m2\repository\io\cucumber\cucumber-junit\7.23.0\cucumber-junit-7.23.0.jar;C:\Users\rojan\.m2\repository\junit\junit\4.13.2\junit-4.13.2.jar;C:\Users\rojan\.m2\repository\org\hamcrest\hamcrest-core\1.3\hamcrest-core-1.3.jar;C:\Users\rojan\.m2\repository\org\seleniumhq\selenium\selenium-java\4.32.0\selenium-java-4.32.0.jar;C:\Users\rojan\.m2\repository\org\seleniumhq\selenium\selenium-api\4.32.0\selenium-api-4.32.0.jar;C:\Users\rojan\.m2\repository\org\jspecify\jspecify\1.0.0\jspecify-1.0.0.jar;C:\Users\rojan\.m2\repository\org\seleniumhq\selenium\selenium-chrome-driver\4.32.0\selenium-chrome-driver-4.32.0.jar;C:\Users\rojan\.m2\repository\com\google\auto\service\auto-service-annotations\1.1.1\auto-service-annotations-1.1.1.jar;C:\Users\rojan\.m2\repository\org\seleniumhq\selenium\selenium-chromium-driver\4.32.0\selenium-chromium-driver-4.32.0.jar;C:\Users\rojan\.m2\repository\org\seleniumhq\selenium\selenium-json\4.32.0\selenium-json-4.32.0.jar;C:\Users\rojan\.m2\repository\org\seleniumhq\selenium\selenium-manager\4.32.0\selenium-manager-4.32.0.jar;C:\Users\rojan\.m2\repository\org\seleniumhq\selenium\selenium-devtools-v134\4.32.0\selenium-devtools-v134-4.32.0.jar;C:\Users\rojan\.m2\repository\org\seleniumhq\selenium\selenium-devtools-v135\4.32.0\selenium-devtools-v135-4.32.0.jar;C:\Users\rojan\.m2\repository\org\seleniumhq\selenium\selenium-devtools-v136\4.32.0\selenium-devtools-v136-4.32.0.jar;C:\Users\rojan\.m2\repository\org\seleniumhq\selenium\selenium-edge-driver\4.32.0\selenium-edge-driver-4.32.0.jar;C:\Users\rojan\.m2\repository\org\seleniumhq\selenium\selenium-firefox-driver\4.32.0\selenium-firefox-driver-4.32.0.jar;C:\Users\rojan\.m2\repository\org\seleniumhq\selenium\selenium-http\4.32.0\selenium-http-4.32.0.jar;C:\Users\rojan\.m2\repository\org\seleniumhq\selenium\selenium-ie-driver\4.32.0\selenium-ie-driver-4.32.0.jar;C:\Users\rojan\.m2\repository\org\seleniumhq\selenium\selenium-remote-driver\4.32.0\selenium-remote-driver-4.32.0.jar;C:\Users\rojan\.m2\repository\com\google\guava\guava\33.4.8-jre\guava-33.4.8-jre.jar;C:\Users\rojan\.m2\repository\com\google\guava\failureaccess\1.0.3\failureaccess-1.0.3.jar;C:\Users\rojan\.m2\repository\com\google\guava\listenablefuture\9999.0-empty-to-avoid-conflict-with-guava\listenablefuture-9999.0-empty-to-avoid-conflict-with-guava.jar;C:\Users\rojan\.m2\repository\com\google\j2objc\j2objc-annotations\3.0.0\j2objc-annotations-3.0.0.jar;C:\Users\rojan\.m2\repository\io\opentelemetry\opentelemetry-api\1.49.0\opentelemetry-api-1.49.0.jar;C:\Users\rojan\.m2\repository\io\opentelemetry\opentelemetry-context\1.49.0\opentelemetry-context-1.49.0.jar;C:\Users\rojan\.m2\repository\io\opentelemetry\opentelemetry-exporter-logging\1.49.0\opentelemetry-exporter-logging-1.49.0.jar;C:\Users\rojan\.m2\repository\io\opentelemetry\opentelemetry-sdk-common\1.49.0\opentelemetry-sdk-common-1.49.0.jar;C:\Users\rojan\.m2\repository\io\opentelemetry\opentelemetry-sdk-extension-autoconfigure-spi\1.49.0\opentelemetry-sdk-extension-autoconfigure-spi-1.49.0.jar;C:\Users\rojan\.m2\repository\io\opentelemetry\opentelemetry-sdk-extension-autoconfigure\1.49.0\opentelemetry-sdk-extension-autoconfigure-1.49.0.jar;C:\Users\rojan\.m2\repository\io\opentelemetry\opentelemetry-sdk-trace\1.49.0\opentelemetry-sdk-trace-1.49.0.jar;C:\Users\rojan\.m2\repository\io\opentelemetry\opentelemetry-sdk\1.49.0\opentelemetry-sdk-1.49.0.jar;C:\Users\rojan\.m2\repository\io\opentelemetry\opentelemetry-sdk-metrics\1.49.0\opentelemetry-sdk-metrics-1.49.0.jar;C:\Users\rojan\.m2\repository\io\opentelemetry\opentelemetry-sdk-logs\1.49.0\opentelemetry-sdk-logs-1.49.0.jar;C:\Users\rojan\.m2\repository\net\bytebuddy\byte-buddy\1.17.5\byte-buddy-1.17.5.jar;C:\Users\rojan\.m2\repository\org\seleniumhq\selenium\selenium-os\4.32.0\selenium-os-4.32.0.jar;C:\Users\rojan\.m2\repository\org\apache\commons\commons-exec\1.4.0\commons-exec-1.4.0.jar;C:\Users\rojan\.m2\repository\org\seleniumhq\selenium\selenium-safari-driver\4.32.0\selenium-safari-driver-4.32.0.jar;C:\Users\rojan\.m2\repository\org\seleniumhq\selenium\selenium-support\4.32.0\selenium-support-4.32.0.jar;C:\Users\rojan\.m2\repository\io\github\bonigarcia\webdrivermanager\6.1.0\webdrivermanager-6.1.0.jar;C:\Users\rojan\.m2\repository\org\slf4j\slf4j-api\2.0.17\slf4j-api-2.0.17.jar;C:\Users\rojan\.m2\repository\com\google\code\gson\gson\2.13.0\gson-2.13.0.jar;C:\Users\rojan\.m2\repository\com\google\errorprone\error_prone_annotations\2.37.0\error_prone_annotations-2.37.0.jar;C:\Users\rojan\.m2\repository\com\github\docker-java\docker-java\3.5.0\docker-java-3.5.0.jar;C:\Users\rojan\.m2\repository\com\github\docker-java\docker-java-core\3.5.0\docker-java-core-3.5.0.jar;C:\Users\rojan\.m2\repository\com\github\docker-java\docker-java-api\3.5.0\docker-java-api-3.5.0.jar;C:\Users\rojan\.m2\repository\com\fasterxml\jackson\core\jackson-annotations\2.18.3\jackson-annotations-2.18.3.jar;C:\Users\rojan\.m2\repository\com\fasterxml\jackson\core\jackson-databind\2.18.3\jackson-databind-2.18.3.jar;C:\Users\rojan\.m2\repository\com\fasterxml\jackson\core\jackson-core\2.18.3\jackson-core-2.18.3.jar;C:\Users\rojan\.m2\repository\org\slf4j\jcl-over-slf4j\1.7.30\jcl-over-slf4j-1.7.30.jar;C:\Users\rojan\.m2\repository\com\github\docker-java\docker-java-transport-httpclient5\3.5.0\docker-java-transport-httpclient5-3.5.0.jar;C:\Users\rojan\.m2\repository\com\github\docker-java\docker-java-transport\3.5.0\docker-java-transport-3.5.0.jar;C:\Users\rojan\.m2\repository\net\java\dev\jna\jna\5.17.0\jna-5.17.0.jar;C:\Users\rojan\.m2\repository\org\brotli\dec\0.1.2\dec-0.1.2.jar;C:\Users\rojan\.m2\repository\org\apache\commons\commons-lang3\3.17.0\commons-lang3-3.17.0.jar;C:\Users\rojan\.m2\repository\org\apache\commons\commons-compress\1.27.1\commons-compress-1.27.1.jar;C:\Users\rojan\.m2\repository\commons-codec\commons-codec\1.17.1\commons-codec-1.17.1.jar;C:\Users\rojan\.m2\repository\commons-io\commons-io\2.16.1\commons-io-2.16.1.jar;C:\Users\rojan\.m2\repository\org\apache\httpcomponents\client5\httpclient5\5.4.3\httpclient5-5.4.3.jar;C:\Users\rojan\.m2\repository\org\apache\httpcomponents\core5\httpcore5\5.3.4\httpcore5-5.3.4.jar;C:\Users\rojan\.m2\repository\org\apache\httpcomponents\core5\httpcore5-h2\5.3.4\httpcore5-h2-5.3.4.jar;C:\Users\rojan\.m2\repository\net\java\dev\jna\jna-platform\5.13.0\jna-platform-5.13.0.jar;C:\Users\rojan\.m2\repository\com\relevantcodes\extentreports\2.41.2\extentreports-2.41.2.jar;C:\Users\rojan\.m2\repository\org\jsoup\jsoup\1.8.3\jsoup-1.8.3.jar;C:\Users\rojan\.m2\repository\org\xerial\sqlite-jdbc\3.8.11.1\sqlite-jdbc-3.8.11.1.jar;C:\Users\rojan\.m2\repository\org\freemarker\freemarker\2.3.23\freemarker-2.3.23.jar;C:\Users\rojan\.m2\repository\org\mongodb\mongodb-driver\3.0.4\mongodb-driver-3.0.4.jar;C:\Users\rojan\.m2\repository\org\mongodb\bson\3.0.4\bson-3.0.4.jar;C:\Users\rojan\.m2\repository\org\mongodb\mongodb-driver-core\3.0.4\mongodb-driver-core-3.0.4.jar;C:\Users\rojan\.m2\repository\org\apache\commons\commons-collections4\4.4\commons-collections4-4.4.jar;"/>
    <property name="java.vm.vendor" value="Oracle Corporation"/>
    <property name="sun.arch.data.model" value="64"/>
    <property name="user.variant" value=""/>
    <property name="java.vendor.url" value="https://java.oracle.com/"/>
    <property name="user.timezone" value="Europe/London"/>
    <property name="os.name" value="Windows 11"/>
    <property name="java.vm.specification.version" value="21"/>
    <property name="sun.java.launcher" value="SUN_STANDARD"/>
    <property name="user.country" value="GB"/>
    <property name="sun.boot.library.path" value="C:\Program Files\JAVA\jdk-21.0.7\bin"/>
    <property name="sun.java.command" value="C:\Users\rojan\AppData\Local\Temp\surefire1191925574495708734\surefirebooter-20250626141224703_3.jar C:\Users\rojan\AppData\Local\Temp\surefire1191925574495708734 2025-06-26T14-12-24_296-jvmRun1 surefire-20250626141224703_1tmp surefire_0-20250626141224703_2tmp"/>
    <property name="jdk.debug" value="release"/>
    <property name="surefire.test.class.path" value="C:\Users\rojan\Downloads\GIFTY_E_B_NHSBSA\NHS\target\test-classes;C:\Users\rojan\Downloads\GIFTY_E_B_NHSBSA\NHS\target\classes;C:\Users\rojan\.m2\repository\io\cucumber\cucumber-java\7.23.0\cucumber-java-7.23.0.jar;C:\Users\rojan\.m2\repository\io\cucumber\cucumber-core\7.23.0\cucumber-core-7.23.0.jar;C:\Users\rojan\.m2\repository\io\cucumber\cucumber-gherkin\7.23.0\cucumber-gherkin-7.23.0.jar;C:\Users\rojan\.m2\repository\io\cucumber\cucumber-gherkin-messages\7.23.0\cucumber-gherkin-messages-7.23.0.jar;C:\Users\rojan\.m2\repository\io\cucumber\gherkin\32.1.1\gherkin-32.1.1.jar;C:\Users\rojan\.m2\repository\io\cucumber\messages\27.2.0\messages-27.2.0.jar;C:\Users\rojan\.m2\repository\io\cucumber\testng-xml-formatter\0.3.1\testng-xml-formatter-0.3.1.jar;C:\Users\rojan\.m2\repository\io\cucumber\query\13.3.0\query-13.3.0.jar;C:\Users\rojan\.m2\repository\io\cucumber\tag-expressions\6.1.2\tag-expressions-6.1.2.jar;C:\Users\rojan\.m2\repository\io\cucumber\cucumber-expressions\18.0.1\cucumber-expressions-18.0.1.jar;C:\Users\rojan\.m2\repository\io\cucumber\datatable\7.23.0\datatable-7.23.0.jar;C:\Users\rojan\.m2\repository\io\cucumber\cucumber-plugin\7.23.0\cucumber-plugin-7.23.0.jar;C:\Users\rojan\.m2\repository\io\cucumber\docstring\7.23.0\docstring-7.23.0.jar;C:\Users\rojan\.m2\repository\io\cucumber\html-formatter\21.10.1\html-formatter-21.10.1.jar;C:\Users\rojan\.m2\repository\io\cucumber\junit-xml-formatter\0.7.1\junit-xml-formatter-0.7.1.jar;C:\Users\rojan\.m2\repository\io\cucumber\ci-environment\10.0.1\ci-environment-10.0.1.jar;C:\Users\rojan\.m2\repository\org\apiguardian\apiguardian-api\1.1.2\apiguardian-api-1.1.2.jar;C:\Users\rojan\.m2\repository\io\cucumber\cucumber-junit\7.23.0\cucumber-junit-7.23.0.jar;C:\Users\rojan\.m2\repository\junit\junit\4.13.2\junit-4.13.2.jar;C:\Users\rojan\.m2\repository\org\hamcrest\hamcrest-core\1.3\hamcrest-core-1.3.jar;C:\Users\rojan\.m2\repository\org\seleniumhq\selenium\selenium-java\4.32.0\selenium-java-4.32.0.jar;C:\Users\rojan\.m2\repository\org\seleniumhq\selenium\selenium-api\4.32.0\selenium-api-4.32.0.jar;C:\Users\rojan\.m2\repository\org\jspecify\jspecify\1.0.0\jspecify-1.0.0.jar;C:\Users\rojan\.m2\repository\org\seleniumhq\selenium\selenium-chrome-driver\4.32.0\selenium-chrome-driver-4.32.0.jar;C:\Users\rojan\.m2\repository\com\google\auto\service\auto-service-annotations\1.1.1\auto-service-annotations-1.1.1.jar;C:\Users\rojan\.m2\repository\org\seleniumhq\selenium\selenium-chromium-driver\4.32.0\selenium-chromium-driver-4.32.0.jar;C:\Users\rojan\.m2\repository\org\seleniumhq\selenium\selenium-json\4.32.0\selenium-json-4.32.0.jar;C:\Users\rojan\.m2\repository\org\seleniumhq\selenium\selenium-manager\4.32.0\selenium-manager-4.32.0.jar;C:\Users\rojan\.m2\repository\org\seleniumhq\selenium\selenium-devtools-v134\4.32.0\selenium-devtools-v134-4.32.0.jar;C:\Users\rojan\.m2\repository\org\seleniumhq\selenium\selenium-devtools-v135\4.32.0\selenium-devtools-v135-4.32.0.jar;C:\Users\rojan\.m2\repository\org\seleniumhq\selenium\selenium-devtools-v136\4.32.0\selenium-devtools-v136-4.32.0.jar;C:\Users\rojan\.m2\repository\org\seleniumhq\selenium\selenium-edge-driver\4.32.0\selenium-edge-driver-4.32.0.jar;C:\Users\rojan\.m2\repository\org\seleniumhq\selenium\selenium-firefox-driver\4.32.0\selenium-firefox-driver-4.32.0.jar;C:\Users\rojan\.m2\repository\org\seleniumhq\selenium\selenium-http\4.32.0\selenium-http-4.32.0.jar;C:\Users\rojan\.m2\repository\org\seleniumhq\selenium\selenium-ie-driver\4.32.0\selenium-ie-driver-4.32.0.jar;C:\Users\rojan\.m2\repository\org\seleniumhq\selenium\selenium-remote-driver\4.32.0\selenium-remote-driver-4.32.0.jar;C:\Users\rojan\.m2\repository\com\google\guava\guava\33.4.8-jre\guava-33.4.8-jre.jar;C:\Users\rojan\.m2\repository\com\google\guava\failureaccess\1.0.3\failureaccess-1.0.3.jar;C:\Users\rojan\.m2\repository\com\google\guava\listenablefuture\9999.0-empty-to-avoid-conflict-with-guava\listenablefuture-9999.0-empty-to-avoid-conflict-with-guava.jar;C:\Users\rojan\.m2\repository\com\google\j2objc\j2objc-annotations\3.0.0\j2objc-annotations-3.0.0.jar;C:\Users\rojan\.m2\repository\io\opentelemetry\opentelemetry-api\1.49.0\opentelemetry-api-1.49.0.jar;C:\Users\rojan\.m2\repository\io\opentelemetry\opentelemetry-context\1.49.0\opentelemetry-context-1.49.0.jar;C:\Users\rojan\.m2\repository\io\opentelemetry\opentelemetry-exporter-logging\1.49.0\opentelemetry-exporter-logging-1.49.0.jar;C:\Users\rojan\.m2\repository\io\opentelemetry\opentelemetry-sdk-common\1.49.0\opentelemetry-sdk-common-1.49.0.jar;C:\Users\rojan\.m2\repository\io\opentelemetry\opentelemetry-sdk-extension-autoconfigure-spi\1.49.0\opentelemetry-sdk-extension-autoconfigure-spi-1.49.0.jar;C:\Users\rojan\.m2\repository\io\opentelemetry\opentelemetry-sdk-extension-autoconfigure\1.49.0\opentelemetry-sdk-extension-autoconfigure-1.49.0.jar;C:\Users\rojan\.m2\repository\io\opentelemetry\opentelemetry-sdk-trace\1.49.0\opentelemetry-sdk-trace-1.49.0.jar;C:\Users\rojan\.m2\repository\io\opentelemetry\opentelemetry-sdk\1.49.0\opentelemetry-sdk-1.49.0.jar;C:\Users\rojan\.m2\repository\io\opentelemetry\opentelemetry-sdk-metrics\1.49.0\opentelemetry-sdk-metrics-1.49.0.jar;C:\Users\rojan\.m2\repository\io\opentelemetry\opentelemetry-sdk-logs\1.49.0\opentelemetry-sdk-logs-1.49.0.jar;C:\Users\rojan\.m2\repository\net\bytebuddy\byte-buddy\1.17.5\byte-buddy-1.17.5.jar;C:\Users\rojan\.m2\repository\org\seleniumhq\selenium\selenium-os\4.32.0\selenium-os-4.32.0.jar;C:\Users\rojan\.m2\repository\org\apache\commons\commons-exec\1.4.0\commons-exec-1.4.0.jar;C:\Users\rojan\.m2\repository\org\seleniumhq\selenium\selenium-safari-driver\4.32.0\selenium-safari-driver-4.32.0.jar;C:\Users\rojan\.m2\repository\org\seleniumhq\selenium\selenium-support\4.32.0\selenium-support-4.32.0.jar;C:\Users\rojan\.m2\repository\io\github\bonigarcia\webdrivermanager\6.1.0\webdrivermanager-6.1.0.jar;C:\Users\rojan\.m2\repository\org\slf4j\slf4j-api\2.0.17\slf4j-api-2.0.17.jar;C:\Users\rojan\.m2\repository\com\google\code\gson\gson\2.13.0\gson-2.13.0.jar;C:\Users\rojan\.m2\repository\com\google\errorprone\error_prone_annotations\2.37.0\error_prone_annotations-2.37.0.jar;C:\Users\rojan\.m2\repository\com\github\docker-java\docker-java\3.5.0\docker-java-3.5.0.jar;C:\Users\rojan\.m2\repository\com\github\docker-java\docker-java-core\3.5.0\docker-java-core-3.5.0.jar;C:\Users\rojan\.m2\repository\com\github\docker-java\docker-java-api\3.5.0\docker-java-api-3.5.0.jar;C:\Users\rojan\.m2\repository\com\fasterxml\jackson\core\jackson-annotations\2.18.3\jackson-annotations-2.18.3.jar;C:\Users\rojan\.m2\repository\com\fasterxml\jackson\core\jackson-databind\2.18.3\jackson-databind-2.18.3.jar;C:\Users\rojan\.m2\repository\com\fasterxml\jackson\core\jackson-core\2.18.3\jackson-core-2.18.3.jar;C:\Users\rojan\.m2\repository\org\slf4j\jcl-over-slf4j\1.7.30\jcl-over-slf4j-1.7.30.jar;C:\Users\rojan\.m2\repository\com\github\docker-java\docker-java-transport-httpclient5\3.5.0\docker-java-transport-httpclient5-3.5.0.jar;C:\Users\rojan\.m2\repository\com\github\docker-java\docker-java-transport\3.5.0\docker-java-transport-3.5.0.jar;C:\Users\rojan\.m2\repository\net\java\dev\jna\jna\5.17.0\jna-5.17.0.jar;C:\Users\rojan\.m2\repository\org\brotli\dec\0.1.2\dec-0.1.2.jar;C:\Users\rojan\.m2\repository\org\apache\commons\commons-lang3\3.17.0\commons-lang3-3.17.0.jar;C:\Users\rojan\.m2\repository\org\apache\commons\commons-compress\1.27.1\commons-compress-1.27.1.jar;C:\Users\rojan\.m2\repository\commons-codec\commons-codec\1.17.1\commons-codec-1.17.1.jar;C:\Users\rojan\.m2\repository\commons-io\commons-io\2.16.1\commons-io-2.16.1.jar;C:\Users\rojan\.m2\repository\org\apache\httpcomponents\client5\httpclient5\5.4.3\httpclient5-5.4.3.jar;C:\Users\rojan\.m2\repository\org\apache\httpcomponents\core5\httpcore5\5.3.4\httpcore5-5.3.4.jar;C:\Users\rojan\.m2\repository\org\apache\httpcomponents\core5\httpcore5-h2\5.3.4\httpcore5-h2-5.3.4.jar;C:\Users\rojan\.m2\repository\net\java\dev\jna\jna-platform\5.13.0\jna-platform-5.13.0.jar;C:\Users\rojan\.m2\repository\com\relevantcodes\extentreports\2.41.2\extentreports-2.41.2.jar;C:\Users\rojan\.m2\repository\org\jsoup\jsoup\1.8.3\jsoup-1.8.3.jar;C:\Users\rojan\.m2\repository\org\xerial\sqlite-jdbc\3.8.11.1\sqlite-jdbc-3.8.11.1.jar;C:\Users\rojan\.m2\repository\org\freemarker\freemarker\2.3.23\freemarker-2.3.23.jar;C:\Users\rojan\.m2\repository\org\mongodb\mongodb-driver\3.0.4\mongodb-driver-3.0.4.jar;C:\Users\rojan\.m2\repository\org\mongodb\bson\3.0.4\bson-3.0.4.jar;C:\Users\rojan\.m2\repository\org\mongodb\mongodb-driver-core\3.0.4\mongodb-driver-core-3.0.4.jar;C:\Users\rojan\.m2\repository\org\apache\commons\commons-collections4\4.4\commons-collections4-4.4.jar;"/>
    <property name="sun.cpu.endian" value="little"/>
    <property name="user.home" value="C:\Users\rojan"/>
    <property name="user.language" value="en"/>
    <property name="java.specification.vendor" value="Oracle Corporation"/>
    <property name="java.version.date" value="2025-04-15"/>
    <property name="java.home" value="C:\Program Files\JAVA\jdk-21.0.7"/>
    <property name="file.separator" value="\"/>
    <property name="basedir" value="C:\Users\rojan\Downloads\GIFTY_E_B_NHSBSA\NHS"/>
    <property name="java.vm.compressedOopsMode" value="32-bit"/>
    <property name="line.separator" value="&#10;"/>
    <property name="java.vm.specification.vendor" value="Oracle Corporation"/>
    <property name="java.specification.name" value="Java Platform API Specification"/>
    <property name="surefire.real.class.path" value="C:\Users\rojan\AppData\Local\Temp\surefire1191925574495708734\surefirebooter-20250626141224703_3.jar"/>
    <property name="user.script" value=""/>
    <property name="sun.management.compiler" value="HotSpot 64-Bit Tiered Compilers"/>
    <property name="java.runtime.version" value="21.0.7+8-LTS-245"/>
    <property name="user.name" value="rojan"/>
    <property name="stdout.encoding" value="Cp1252"/>
    <property name="path.separator" value=";"/>
    <property name="os.version" value="10.0"/>
    <property name="java.runtime.name" value="Java(TM) SE Runtime Environment"/>
    <property name="file.encoding" value="UTF-8"/>
    <property name="java.vm.name" value="Java HotSpot(TM) 64-Bit Server VM"/>
    <property name="localRepository" value="C:\Users\rojan\.m2\repository"/>
    <property name="java.vendor.url.bug" value="https://bugreport.java.com/bugreport/"/>
    <property name="java.io.tmpdir" value="C:\Users\rojan\AppData\Local\Temp\"/>
    <property name="java.version" value="21.0.7"/>
    <property name="user.dir" value="C:\Users\rojan\Downloads\GIFTY_E_B_NHSBSA\NHS"/>
    <property name="os.arch" value="amd64"/>
    <property name="java.vm.specification.name" value="Java Virtual Machine Specification"/>
    <property name="sun.os.patch.level" value=""/>
    <property name="native.encoding" value="Cp1252"/>
    <property name="java.library.path" value="C:\Program Files\JAVA\jdk-21.0.7\bin;C:\windows\Sun\Java\bin;C:\windows\system32;C:\windows;C:\windows\system32;C:\windows;C:\windows\System32\Wbem;C:\windows\System32\WindowsPowerShell\v1.0\;C:\windows\System32\OpenSSH\;C:\Program Files\HP\HP One Agent;C:\Program Files\Git\cmd;C:\Program Files\Apache\apache-maven-3.9.10-bin\apache-maven-3.9.10\bin;C:\Program Files\JAVA\jdk-21.0.7\bin;C:\Users\rojan\AppData\Local\Microsoft\WindowsApps;;."/>
    <property name="java.vm.info" value="mixed mode, sharing"/>
    <property name="stderr.encoding" value="Cp1252"/>
    <property name="java.vendor" value="Oracle Corporation"/>
    <property name="java.vm.version" value="21.0.7+8-LTS-245"/>
    <property name="sun.io.unicode.encoding" value="UnicodeLittle"/>
    <property name="java.class.version" value="65.0"/>
  </properties>
  <testcase name="TC-01:Jobseeker searches for a job and sorts by newest date posted via Chromebrowser #1" classname="NHS Job Search Functionality" time="53.335">
    <system-out><![CDATA[
@All @Regression @ChromeBrowser
Scenario Outline: TC-01:Jobseeker searches for a job and sorts by newest date posted via Chromebrowser # src/test/java/features/nhs_JobSearch.feature:17
  Given I am a jobseeker on NHS Jobs website                                                           # stepDefs.NhsJobSearchStepDef.i_am_a_jobseeker_on_nhs_jobs_website()
  When I put "Automation Test Engineer" and "London" into the Search functionality                     # stepDefs.NhsJobSearchStepDef.i_put_preferences_into_the_search_functionality(java.lang.String,java.lang.String)
  Then I should get a list of jobs which matches my preferences                                        # stepDefs.NhsJobSearchStepDef.i_should_get_a_list_of_jobs_which_matches_my_preferences()
  And sort my search results with "Date Posted (newest)"  and from dropdown "sort"                     # stepDefs.NhsJobSearchStepDef.sort_my_search_results_with_the_newest_date_posted_if_the_job_results_avialable(java.lang.String,java.lang.String)
]]></system-out>
    <system-err><![CDATA[SLF4J(W): No SLF4J providers were found.
SLF4J(W): Defaulting to no-operation (NOP) logger implementation
SLF4J(W): See https://www.slf4j.org/codes.html#noProviders for further details.
Jun 26, 2025 2:12:30 PM org.openqa.selenium.devtools.CdpVersionFinder findNearestMatch
WARNING: Unable to find an exact match for CDP version 137, returning the closest version; found: 136; Please update to a Selenium version that supports CDP version 137
]]></system-err>
  </testcase>
  <testcase name="TC-01:Jobseeker searches for a job and sorts by newest date posted via Chromebrowser #2" classname="NHS Job Search Functionality" time="81.207">
    <system-out><![CDATA[
@All @Regression @ChromeBrowser
Scenario Outline: TC-01:Jobseeker searches for a job and sorts by newest date posted via Chromebrowser # src/test/java/features/nhs_JobSearch.feature:18
  Given I am a jobseeker on NHS Jobs website                                                           # stepDefs.NhsJobSearchStepDef.i_am_a_jobseeker_on_nhs_jobs_website()
  When I put "QA" and "Southampton" into the Search functionality                                      # stepDefs.NhsJobSearchStepDef.i_put_preferences_into_the_search_functionality(java.lang.String,java.lang.String)
  Then I should get a list of jobs which matches my preferences                                        # stepDefs.NhsJobSearchStepDef.i_should_get_a_list_of_jobs_which_matches_my_preferences()
  And sort my search results with "Date Posted (newest)"  and from dropdown "sort"                     # stepDefs.NhsJobSearchStepDef.sort_my_search_results_with_the_newest_date_posted_if_the_job_results_avialable(java.lang.String,java.lang.String)
]]></system-out>
    <system-err><![CDATA[Jun 26, 2025 2:13:22 PM org.openqa.selenium.devtools.CdpVersionFinder findNearestMatch
WARNING: Unable to find an exact match for CDP version 137, returning the closest version; found: 136; Please update to a Selenium version that supports CDP version 137
]]></system-err>
  </testcase>
  <testcase name="TC-01:Jobseeker searches for a job and sorts by newest date posted via Chromebrowser #3" classname="NHS Job Search Functionality" time="81.236">
    <system-out><![CDATA[
@All @Regression @ChromeBrowser
Scenario Outline: TC-01:Jobseeker searches for a job and sorts by newest date posted via Chromebrowser # src/test/java/features/nhs_JobSearch.feature:19
  Given I am a jobseeker on NHS Jobs website                                                           # stepDefs.NhsJobSearchStepDef.i_am_a_jobseeker_on_nhs_jobs_website()
  When I put "QA engineer" and "England" into the Search functionality                                 # stepDefs.NhsJobSearchStepDef.i_put_preferences_into_the_search_functionality(java.lang.String,java.lang.String)
  Then I should get a list of jobs which matches my preferences                                        # stepDefs.NhsJobSearchStepDef.i_should_get_a_list_of_jobs_which_matches_my_preferences()
  And sort my search results with "Date Posted (newest)"  and from dropdown "sort"                     # stepDefs.NhsJobSearchStepDef.sort_my_search_results_with_the_newest_date_posted_if_the_job_results_avialable(java.lang.String,java.lang.String)
]]></system-out>
    <system-err><![CDATA[Jun 26, 2025 2:14:43 PM org.openqa.selenium.devtools.CdpVersionFinder findNearestMatch
WARNING: Unable to find an exact match for CDP version 137, returning the closest version; found: 136; Please update to a Selenium version that supports CDP version 137
]]></system-err>
  </testcase>
  <testcase name="TC-01:Jobseeker searches for a job and sorts by newest date posted via Chromebrowser #4" classname="NHS Job Search Functionality" time="6.352">
    <system-out><![CDATA[
@All @Regression @ChromeBrowser
Scenario Outline: TC-01:Jobseeker searches for a job and sorts by newest date posted via Chromebrowser # src/test/java/features/nhs_JobSearch.feature:20
  Given I am a jobseeker on NHS Jobs website                                                           # stepDefs.NhsJobSearchStepDef.i_am_a_jobseeker_on_nhs_jobs_website()
  When I put "Moon" and "" into the Search functionality                                               # stepDefs.NhsJobSearchStepDef.i_put_preferences_into_the_search_functionality(java.lang.String,java.lang.String)
  Then I should get a list of jobs which matches my preferences                                        # stepDefs.NhsJobSearchStepDef.i_should_get_a_list_of_jobs_which_matches_my_preferences()
  And sort my search results with "Date Posted (newest)"  and from dropdown "sort"                     # stepDefs.NhsJobSearchStepDef.sort_my_search_results_with_the_newest_date_posted_if_the_job_results_avialable(java.lang.String,java.lang.String)
]]></system-out>
    <system-err><![CDATA[Jun 26, 2025 2:16:04 PM org.openqa.selenium.devtools.CdpVersionFinder findNearestMatch
WARNING: Unable to find an exact match for CDP version 137, returning the closest version; found: 136; Please update to a Selenium version that supports CDP version 137
]]></system-err>
  </testcase>
  <testcase name="TC-02: Jobseeker searches for a job and sorts by newest date posted via Firefox Browser #1" classname="NHS Job Search Functionality" time="9.98">
    <system-out><![CDATA[
@All @Regression1 @FireFoxBrowser
Scenario Outline: TC-02: Jobseeker searches for a job and sorts by newest date posted via Firefox Browser # src/test/java/features/nhs_JobSearch.feature:31
  Given I am a jobseeker on NHS Jobs website                                                              # stepDefs.NhsJobSearchStepDef.i_am_a_jobseeker_on_nhs_jobs_website()
  When I put "Software Test Engineer" and "London" into the Search functionality                          # stepDefs.NhsJobSearchStepDef.i_put_preferences_into_the_search_functionality(java.lang.String,java.lang.String)
  Then I should get a list of jobs which matches my preferences                                           # stepDefs.NhsJobSearchStepDef.i_should_get_a_list_of_jobs_which_matches_my_preferences()
  And sort my search results with "Date Posted (newest)"  and from dropdown "sort"                        # stepDefs.NhsJobSearchStepDef.sort_my_search_results_with_the_newest_date_posted_if_the_job_results_avialable(java.lang.String,java.lang.String)
]]></system-out>
  </testcase>
  <testcase name="TC-02: Jobseeker searches for a job and sorts by newest date posted via Firefox Browser #2" classname="NHS Job Search Functionality" time="27.795">
    <system-out><![CDATA[
@All @Regression1 @FireFoxBrowser
Scenario Outline: TC-02: Jobseeker searches for a job and sorts by newest date posted via Firefox Browser # src/test/java/features/nhs_JobSearch.feature:32
  Given I am a jobseeker on NHS Jobs website                                                              # stepDefs.NhsJobSearchStepDef.i_am_a_jobseeker_on_nhs_jobs_website()
  When I put "QA Automation engineer" and "Southampton" into the Search functionality                     # stepDefs.NhsJobSearchStepDef.i_put_preferences_into_the_search_functionality(java.lang.String,java.lang.String)
  Then I should get a list of jobs which matches my preferences                                           # stepDefs.NhsJobSearchStepDef.i_should_get_a_list_of_jobs_which_matches_my_preferences()
  And sort my search results with "Date Posted (newest)"  and from dropdown "sort"                        # stepDefs.NhsJobSearchStepDef.sort_my_search_results_with_the_newest_date_posted_if_the_job_results_avialable(java.lang.String,java.lang.String)
]]></system-out>
  </testcase>
  <testcase name="TC-02: Jobseeker searches for a job and sorts by newest date posted via Firefox Browser #3" classname="NHS Job Search Functionality" time="67.246">
    <system-out><![CDATA[
@All @Regression1 @FireFoxBrowser
Scenario Outline: TC-02: Jobseeker searches for a job and sorts by newest date posted via Firefox Browser # src/test/java/features/nhs_JobSearch.feature:33
  Given I am a jobseeker on NHS Jobs website                                                              # stepDefs.NhsJobSearchStepDef.i_am_a_jobseeker_on_nhs_jobs_website()
  When I put "QA engineer" and "Southampton" into the Search functionality                                # stepDefs.NhsJobSearchStepDef.i_put_preferences_into_the_search_functionality(java.lang.String,java.lang.String)
  Then I should get a list of jobs which matches my preferences                                           # stepDefs.NhsJobSearchStepDef.i_should_get_a_list_of_jobs_which_matches_my_preferences()
  And sort my search results with "Date Posted (newest)"  and from dropdown "sort"                        # stepDefs.NhsJobSearchStepDef.sort_my_search_results_with_the_newest_date_posted_if_the_job_results_avialable(java.lang.String,java.lang.String)
]]></system-out>
  </testcase>
  <testcase name="TC-03:Jobseeker searches for a invalid job/locations via chrome browser #1" classname="NHS Job Search Functionality" time="25.252">
    <system-out><![CDATA[
@All @NegativeTests @ChromeBrowser
Scenario Outline: TC-03:Jobseeker searches for a invalid job/locations via chrome browser # src/test/java/features/nhs_JobSearch.feature:45
  Given I am a jobseeker on NHS Jobs website                                              # stepDefs.NhsJobSearchStepDef.i_am_a_jobseeker_on_nhs_jobs_website()
  When I put "1234567" and "London" into the Search functionality                         # stepDefs.NhsJobSearchStepDef.i_put_preferences_into_the_search_functionality(java.lang.String,java.lang.String)
  Then Validate the error message                                                         # stepDefs.NhsJobSearchStepDef.Validate_the_error_message(io.cucumber.datatable.DataTable)
    | ErrorMsg        |
    | no result found |
]]></system-out>
    <system-err><![CDATA[Jun 26, 2025 2:18:06 PM org.openqa.selenium.devtools.CdpVersionFinder findNearestMatch
WARNING: Unable to find an exact match for CDP version 137, returning the closest version; found: 136; Please update to a Selenium version that supports CDP version 137
]]></system-err>
  </testcase>
  <testcase name="TC-03:Jobseeker searches for a invalid job/locations via chrome browser #2" classname="NHS Job Search Functionality" time="21.253">
    <system-out><![CDATA[
@All @NegativeTests @ChromeBrowser
Scenario Outline: TC-03:Jobseeker searches for a invalid job/locations via chrome browser # src/test/java/features/nhs_JobSearch.feature:46
  Given I am a jobseeker on NHS Jobs website                                              # stepDefs.NhsJobSearchStepDef.i_am_a_jobseeker_on_nhs_jobs_website()
  When I put "-------------" and "London" into the Search functionality                   # stepDefs.NhsJobSearchStepDef.i_put_preferences_into_the_search_functionality(java.lang.String,java.lang.String)
  Then Validate the error message                                                         # stepDefs.NhsJobSearchStepDef.Validate_the_error_message(io.cucumber.datatable.DataTable)
    | ErrorMsg        |
    | no result found |
]]></system-out>
    <system-err><![CDATA[Jun 26, 2025 2:18:28 PM org.openqa.selenium.devtools.CdpVersionFinder findNearestMatch
WARNING: Unable to find an exact match for CDP version 137, returning the closest version; found: 136; Please update to a Selenium version that supports CDP version 137
]]></system-err>
  </testcase>
  <testcase name="TC-03:Jobseeker searches for a invalid job/locations via chrome browser #3" classname="NHS Job Search Functionality" time="22.038">
    <system-out><![CDATA[
@All @NegativeTests @ChromeBrowser
Scenario Outline: TC-03:Jobseeker searches for a invalid job/locations via chrome browser # src/test/java/features/nhs_JobSearch.feature:47
  Given I am a jobseeker on NHS Jobs website                                              # stepDefs.NhsJobSearchStepDef.i_am_a_jobseeker_on_nhs_jobs_website()
  When I put "-------------" and "London1111111" into the Search functionality            # stepDefs.NhsJobSearchStepDef.i_put_preferences_into_the_search_functionality(java.lang.String,java.lang.String)
  Then Validate the error message                                                         # stepDefs.NhsJobSearchStepDef.Validate_the_error_message(io.cucumber.datatable.DataTable)
    | ErrorMsg           |
    | location not found |
]]></system-out>
    <system-err><![CDATA[Jun 26, 2025 2:18:50 PM org.openqa.selenium.devtools.CdpVersionFinder findNearestMatch
WARNING: Unable to find an exact match for CDP version 137, returning the closest version; found: 136; Please update to a Selenium version that supports CDP version 137
]]></system-err>
  </testcase>
  <testcase name="TC-03:Jobseeker searches for a invalid job/locations via chrome browser #4" classname="NHS Job Search Functionality" time="21.218">
    <system-out><![CDATA[
@All @NegativeTests @ChromeBrowser
Scenario Outline: TC-03:Jobseeker searches for a invalid job/locations via chrome browser # src/test/java/features/nhs_JobSearch.feature:48
  Given I am a jobseeker on NHS Jobs website                                              # stepDefs.NhsJobSearchStepDef.i_am_a_jobseeker_on_nhs_jobs_website()
  When I put "Software Testing" and "Ep1111111" into the Search functionality             # stepDefs.NhsJobSearchStepDef.i_put_preferences_into_the_search_functionality(java.lang.String,java.lang.String)
  Then Validate the error message                                                         # stepDefs.NhsJobSearchStepDef.Validate_the_error_message(io.cucumber.datatable.DataTable)
    | ErrorMsg           |
    | location not found |
]]></system-out>
    <system-err><![CDATA[Jun 26, 2025 2:19:12 PM org.openqa.selenium.devtools.CdpVersionFinder findNearestMatch
WARNING: Unable to find an exact match for CDP version 137, returning the closest version; found: 136; Please update to a Selenium version that supports CDP version 137
]]></system-err>
  </testcase>
  <testcase name="TC-03:Jobseeker searches for a invalid job/locations via chrome browser #5" classname="NHS Job Search Functionality" time="20.676">
    <system-out><![CDATA[
@All @NegativeTests @ChromeBrowser
Scenario Outline: TC-03:Jobseeker searches for a invalid job/locations via chrome browser # src/test/java/features/nhs_JobSearch.feature:49
  Given I am a jobseeker on NHS Jobs website                                              # stepDefs.NhsJobSearchStepDef.i_am_a_jobseeker_on_nhs_jobs_website()
  When I put "A" and "L" into the Search functionality                                    # stepDefs.NhsJobSearchStepDef.i_put_preferences_into_the_search_functionality(java.lang.String,java.lang.String)
  Then Validate the error message                                                         # stepDefs.NhsJobSearchStepDef.Validate_the_error_message(io.cucumber.datatable.DataTable)
    | ErrorMsg        |
    | no result found |
]]></system-out>
    <system-err><![CDATA[Jun 26, 2025 2:19:33 PM org.openqa.selenium.devtools.CdpVersionFinder findNearestMatch
WARNING: Unable to find an exact match for CDP version 137, returning the closest version; found: 136; Please update to a Selenium version that supports CDP version 137
]]></system-err>
  </testcase>
  <testcase name="TC-03:Jobseeker searches for a invalid job/locations via chrome browser #6" classname="NHS Job Search Functionality" time="20.801">
    <system-out><![CDATA[
@All @NegativeTests @ChromeBrowser
Scenario Outline: TC-03:Jobseeker searches for a invalid job/locations via chrome browser # src/test/java/features/nhs_JobSearch.feature:50
  Given I am a jobseeker on NHS Jobs website                                              # stepDefs.NhsJobSearchStepDef.i_am_a_jobseeker_on_nhs_jobs_website()
  When I put "Nurse" and "!@#$%^&*" into the Search functionality                         # stepDefs.NhsJobSearchStepDef.i_put_preferences_into_the_search_functionality(java.lang.String,java.lang.String)
  Then Validate the error message                                                         # stepDefs.NhsJobSearchStepDef.Validate_the_error_message(io.cucumber.datatable.DataTable)
    | ErrorMsg           |
    | location not found |
]]></system-out>
    <system-err><![CDATA[Jun 26, 2025 2:19:53 PM org.openqa.selenium.devtools.CdpVersionFinder findNearestMatch
WARNING: Unable to find an exact match for CDP version 137, returning the closest version; found: 136; Please update to a Selenium version that supports CDP version 137
]]></system-err>
  </testcase>
  <testcase name="TC-03:Jobseeker searches for a invalid job/locations via chrome browser #7" classname="NHS Job Search Functionality" time="30.155">
    <failure message="Expected message not found" type="java.lang.AssertionError"><![CDATA[java.lang.AssertionError: Expected message not found
	at org.junit.Assert.fail(Assert.java:89)
	at org.junit.Assert.assertTrue(Assert.java:42)
	at pages.JobsearchPage.validate_error_message(JobsearchPage.java:251)
	at stepDefs.NhsJobSearchStepDef.Validate_the_error_message(NhsJobSearchStepDef.java:114)
	at ✽.Validate the error message(file:///C:/Users/rojan/Downloads/GIFTY_E_B_NHSBSA/NHS/src/test/java/features/nhs_JobSearch.feature:39)
]]></failure>
    <system-out><![CDATA[
@All @NegativeTests @ChromeBrowser
Scenario Outline: TC-03:Jobseeker searches for a invalid job/locations via chrome browser # src/test/java/features/nhs_JobSearch.feature:51
  Given I am a jobseeker on NHS Jobs website                                              # stepDefs.NhsJobSearchStepDef.i_am_a_jobseeker_on_nhs_jobs_website()
  When I put "<256-char-string>" and "London" into the Search functionality               # stepDefs.NhsJobSearchStepDef.i_put_preferences_into_the_search_functionality(java.lang.String,java.lang.String)
  Then Validate the error message                                                         # stepDefs.NhsJobSearchStepDef.Validate_the_error_message(io.cucumber.datatable.DataTable)
    | ErrorMsg        |
    | no result found |
      java.lang.AssertionError: Expected message not found
      	at org.junit.Assert.fail(Assert.java:89)
      	at org.junit.Assert.assertTrue(Assert.java:42)
      	at pages.JobsearchPage.validate_error_message(JobsearchPage.java:251)
      	at stepDefs.NhsJobSearchStepDef.Validate_the_error_message(NhsJobSearchStepDef.java:114)
      	at ✽.Validate the error message(file:///C:/Users/rojan/Downloads/GIFTY_E_B_NHSBSA/NHS/src/test/java/features/nhs_JobSearch.feature:39)
]]></system-out>
    <system-err><![CDATA[Jun 26, 2025 2:20:14 PM org.openqa.selenium.devtools.CdpVersionFinder findNearestMatch
WARNING: Unable to find an exact match for CDP version 137, returning the closest version; found: 136; Please update to a Selenium version that supports CDP version 137
]]></system-err>
  </testcase>
  <testcase name="TC-03:Jobseeker searches for a invalid job/locations via chrome browser #8" classname="NHS Job Search Functionality" time="27.169">
    <system-out><![CDATA[
@All @NegativeTests @ChromeBrowser
Scenario Outline: TC-03:Jobseeker searches for a invalid job/locations via chrome browser # src/test/java/features/nhs_JobSearch.feature:52
  Given I am a jobseeker on NHS Jobs website                                              # stepDefs.NhsJobSearchStepDef.i_am_a_jobseeker_on_nhs_jobs_website()
  When I put "Nurse" and "<256-char-string>" into the Search functionality                # stepDefs.NhsJobSearchStepDef.i_put_preferences_into_the_search_functionality(java.lang.String,java.lang.String)
  Then Validate the error message                                                         # stepDefs.NhsJobSearchStepDef.Validate_the_error_message(io.cucumber.datatable.DataTable)
    | ErrorMsg           |
    | location not found |
]]></system-out>
    <system-err><![CDATA[Jun 26, 2025 2:20:45 PM org.openqa.selenium.devtools.CdpVersionFinder findNearestMatch
WARNING: Unable to find an exact match for CDP version 137, returning the closest version; found: 136; Please update to a Selenium version that supports CDP version 137
]]></system-err>
  </testcase>
  <testcase name="TC-04:Jobseeker searches for a job and sorts by newest date posted with all filtered values via chrome browser #1" classname="NHS Job Search Functionality" time="32.271">
    <system-out><![CDATA[
@All @Regression3 @ChromeBrowser
Scenario Outline: TC-04:Jobseeker searches for a job and sorts by newest date posted with all filtered values via chrome browser # src/test/java/features/nhs_JobSearch.feature:65
  Given I am a jobseeker on NHS Jobs website                                                                                     # stepDefs.NhsJobSearchStepDef.i_am_a_jobseeker_on_nhs_jobs_website()
  When I put all values into the Search functionality                                                                            # stepDefs.NhsJobSearchStepDef.I_put_all_values_into_the_Search_functionalitys(io.cucumber.datatable.DataTable)
    | jobTitle | location | jobReference  | employer                    | distance | payRange           |
    | Nurse    | London   | 391-3689-BANK | Thomas NHS Foundation Trust | +5 Miles | £30,000 to £40,000 |
  Then I should get a list of jobs which matches my preferences                                                                  # stepDefs.NhsJobSearchStepDef.i_should_get_a_list_of_jobs_which_matches_my_preferences()
  And sort my search results with "Date Posted (newest)"  and from dropdown "sort"                                               # stepDefs.NhsJobSearchStepDef.sort_my_search_results_with_the_newest_date_posted_if_the_job_results_avialable(java.lang.String,java.lang.String)
]]></system-out>
    <system-err><![CDATA[Jun 26, 2025 2:21:12 PM org.openqa.selenium.devtools.CdpVersionFinder findNearestMatch
WARNING: Unable to find an exact match for CDP version 137, returning the closest version; found: 136; Please update to a Selenium version that supports CDP version 137
]]></system-err>
  </testcase>
  <testcase name="TC-04:Jobseeker searches for a job and sorts by newest date posted with all filtered values via chrome browser #2" classname="NHS Job Search Functionality" time="37.687">
    <system-out><![CDATA[
@All @Regression3 @ChromeBrowser
Scenario Outline: TC-04:Jobseeker searches for a job and sorts by newest date posted with all filtered values via chrome browser # src/test/java/features/nhs_JobSearch.feature:66
  Given I am a jobseeker on NHS Jobs website                                                                                     # stepDefs.NhsJobSearchStepDef.i_am_a_jobseeker_on_nhs_jobs_website()
  When I put all values into the Search functionality                                                                            # stepDefs.NhsJobSearchStepDef.I_put_all_values_into_the_Search_functionalitys(io.cucumber.datatable.DataTable)
    | jobTitle | location | jobReference | employer                    | distance | payRange           |
    | Nurse    | London   | [empty]      | Thomas NHS Foundation Trust | +5 Miles | £30,000 to £40,000 |
  Then I should get a list of jobs which matches my preferences                                                                  # stepDefs.NhsJobSearchStepDef.i_should_get_a_list_of_jobs_which_matches_my_preferences()
  And sort my search results with "Date Posted (newest)"  and from dropdown "sort"                                               # stepDefs.NhsJobSearchStepDef.sort_my_search_results_with_the_newest_date_posted_if_the_job_results_avialable(java.lang.String,java.lang.String)
]]></system-out>
    <system-err><![CDATA[Jun 26, 2025 2:21:46 PM org.openqa.selenium.devtools.CdpVersionFinder findNearestMatch
WARNING: Unable to find an exact match for CDP version 137, returning the closest version; found: 136; Please update to a Selenium version that supports CDP version 137
]]></system-err>
  </testcase>
  <testcase name="TC-05:Jobseeker searches for a job and sorts by newest date posted with all filtered values via firefox browser #1" classname="NHS Job Search Functionality" time="86.624">
    <system-out><![CDATA[
@All @Regression4 @FireFoxBrowser
Scenario Outline: TC-05:Jobseeker searches for a job and sorts by newest date posted with all filtered values via firefox browser # src/test/java/features/nhs_JobSearch.feature:79
  Given I am a jobseeker on NHS Jobs website                                                                                      # stepDefs.NhsJobSearchStepDef.i_am_a_jobseeker_on_nhs_jobs_website()
  When I put all values into the Search functionality                                                                             # stepDefs.NhsJobSearchStepDef.I_put_all_values_into_the_Search_functionalitys(io.cucumber.datatable.DataTable)
    | jobTitle | location | jobReference  | employer                    | distance | payRange           |
    | Nurse    | London   | 391-3689-BANK | Thomas NHS Foundation Trust | +5 Miles | £30,000 to £40,000 |
  Then I should get a list of jobs which matches my preferences                                                                   # stepDefs.NhsJobSearchStepDef.i_should_get_a_list_of_jobs_which_matches_my_preferences()
  And sort my search results with "Date Posted (newest)"  and from dropdown "sort"                                                # stepDefs.NhsJobSearchStepDef.sort_my_search_results_with_the_newest_date_posted_if_the_job_results_avialable(java.lang.String,java.lang.String)
]]></system-out>
  </testcase>
  <testcase name="TC-05:Jobseeker searches for a job and sorts by newest date posted with all filtered values via firefox browser #2" classname="NHS Job Search Functionality" time="83.192">
    <system-out><![CDATA[
@All @Regression4 @FireFoxBrowser
Scenario Outline: TC-05:Jobseeker searches for a job and sorts by newest date posted with all filtered values via firefox browser # src/test/java/features/nhs_JobSearch.feature:80
  Given I am a jobseeker on NHS Jobs website                                                                                      # stepDefs.NhsJobSearchStepDef.i_am_a_jobseeker_on_nhs_jobs_website()
  When I put all values into the Search functionality                                                                             # stepDefs.NhsJobSearchStepDef.I_put_all_values_into_the_Search_functionalitys(io.cucumber.datatable.DataTable)
    | jobTitle | location | jobReference | employer                    | distance | payRange           |
    | Nurse    | London   | [empty]      | Thomas NHS Foundation Trust | +5 Miles | £30,000 to £40,000 |
  Then I should get a list of jobs which matches my preferences                                                                   # stepDefs.NhsJobSearchStepDef.i_should_get_a_list_of_jobs_which_matches_my_preferences()
  And sort my search results with "Date Posted (newest)"  and from dropdown "sort"                                                # stepDefs.NhsJobSearchStepDef.sort_my_search_results_with_the_newest_date_posted_if_the_job_results_avialable(java.lang.String,java.lang.String)
]]></system-out>
  </testcase>
  <testcase name="TC-05:Jobseeker searches for a job and sorts by newest date posted with all filtered values via firefox browser #3" classname="NHS Job Search Functionality" time="59.335">
    <system-out><![CDATA[
@All @Regression4 @FireFoxBrowser
Scenario Outline: TC-05:Jobseeker searches for a job and sorts by newest date posted with all filtered values via firefox browser # src/test/java/features/nhs_JobSearch.feature:81
  Given I am a jobseeker on NHS Jobs website                                                                                      # stepDefs.NhsJobSearchStepDef.i_am_a_jobseeker_on_nhs_jobs_website()
  When I put all values into the Search functionality                                                                             # stepDefs.NhsJobSearchStepDef.I_put_all_values_into_the_Search_functionalitys(io.cucumber.datatable.DataTable)
    | jobTitle | location | jobReference | employer                    | distance | payRange           |
    | [empty]  | London   | [empty]      | Thomas NHS Foundation Trust | +5 Miles | £30,000 to £40,000 |
  Then I should get a list of jobs which matches my preferences                                                                   # stepDefs.NhsJobSearchStepDef.i_should_get_a_list_of_jobs_which_matches_my_preferences()
  And sort my search results with "Date Posted (newest)"  and from dropdown "sort"                                                # stepDefs.NhsJobSearchStepDef.sort_my_search_results_with_the_newest_date_posted_if_the_job_results_avialable(java.lang.String,java.lang.String)
]]></system-out>
  </testcase>
  <testcase name="TC-06:Jobseeker searches for  invalid values in all filtered values via firefox browser #1" classname="NHS Job Search Functionality" time="50.858">
    <system-out><![CDATA[
@All @NegativeTests1 @FireFoxBrowser
Scenario Outline: TC-06:Jobseeker searches for  invalid values in all filtered values via firefox browser # src/test/java/features/nhs_JobSearch.feature:95
  Given I am a jobseeker on NHS Jobs website                                                              # stepDefs.NhsJobSearchStepDef.i_am_a_jobseeker_on_nhs_jobs_website()
  When I put all values into the Search functionality                                                     # stepDefs.NhsJobSearchStepDef.I_put_all_values_into_the_Search_functionalitys(io.cucumber.datatable.DataTable)
    | jobTitle | location          | jobReference  | employer                    | distance | payRange           |
    | Nurse    | 11111111111111111 | 391-3689-BANK | Thomas NHS Foundation Trust | +5 Miles | £30,000 to £40,000 |
  Then Validate the error message                                                                         # stepDefs.NhsJobSearchStepDef.Validate_the_error_message(io.cucumber.datatable.DataTable)
    | ErrorMsg |
    | [empty]  |
]]></system-out>
  </testcase>
  <testcase name="TC-06:Jobseeker searches for  invalid values in all filtered values via firefox browser #2" classname="NHS Job Search Functionality" time="51.574">
    <system-out><![CDATA[
@All @NegativeTests1 @FireFoxBrowser
Scenario Outline: TC-06:Jobseeker searches for  invalid values in all filtered values via firefox browser # src/test/java/features/nhs_JobSearch.feature:96
  Given I am a jobseeker on NHS Jobs website                                                              # stepDefs.NhsJobSearchStepDef.i_am_a_jobseeker_on_nhs_jobs_website()
  When I put all values into the Search functionality                                                     # stepDefs.NhsJobSearchStepDef.I_put_all_values_into_the_Search_functionalitys(io.cucumber.datatable.DataTable)
    | jobTitle | location | jobReference | employer                    | distance | payRange           |
    | Nurse    | London   | aaaaa        | Thomas NHS Foundation Trust | +5 Miles | £30,000 to £40,000 |
  Then Validate the error message                                                                         # stepDefs.NhsJobSearchStepDef.Validate_the_error_message(io.cucumber.datatable.DataTable)
    | ErrorMsg        |
    | no result found |
]]></system-out>
  </testcase>
  <testcase name="TC-06:Jobseeker searches for  invalid values in all filtered values via firefox browser #3" classname="NHS Job Search Functionality" time="50.533">
    <failure message="Expected message not found" type="java.lang.AssertionError"><![CDATA[java.lang.AssertionError: Expected message not found
	at org.junit.Assert.fail(Assert.java:89)
	at org.junit.Assert.assertTrue(Assert.java:42)
	at pages.JobsearchPage.validate_error_message(JobsearchPage.java:251)
	at stepDefs.NhsJobSearchStepDef.Validate_the_error_message(NhsJobSearchStepDef.java:114)
	at ✽.Validate the error message(file:///C:/Users/rojan/Downloads/GIFTY_E_B_NHSBSA/NHS/src/test/java/features/nhs_JobSearch.feature:89)
]]></failure>
    <system-out><![CDATA[
@All @NegativeTests1 @FireFoxBrowser
Scenario Outline: TC-06:Jobseeker searches for  invalid values in all filtered values via firefox browser # src/test/java/features/nhs_JobSearch.feature:97
  Given I am a jobseeker on NHS Jobs website                                                              # stepDefs.NhsJobSearchStepDef.i_am_a_jobseeker_on_nhs_jobs_website()
  When I put all values into the Search functionality                                                     # stepDefs.NhsJobSearchStepDef.I_put_all_values_into_the_Search_functionalitys(io.cucumber.datatable.DataTable)
    | jobTitle | location | jobReference  | employer        | distance | payRange           |
    | Nurse    | London   | 391-3689-BANK | 111111111111111 | +5 Miles | £30,000 to £40,000 |
  Then Validate the error message                                                                         # stepDefs.NhsJobSearchStepDef.Validate_the_error_message(io.cucumber.datatable.DataTable)
    | ErrorMsg         |
    | invalid employer |
      java.lang.AssertionError: Expected message not found
      	at org.junit.Assert.fail(Assert.java:89)
      	at org.junit.Assert.assertTrue(Assert.java:42)
      	at pages.JobsearchPage.validate_error_message(JobsearchPage.java:251)
      	at stepDefs.NhsJobSearchStepDef.Validate_the_error_message(NhsJobSearchStepDef.java:114)
      	at ✽.Validate the error message(file:///C:/Users/rojan/Downloads/GIFTY_E_B_NHSBSA/NHS/src/test/java/features/nhs_JobSearch.feature:89)
]]></system-out>
  </testcase>
</testsuite>